<?xml version="1.0" encoding="UTF-8"?>
<!-- Generated by org.testng.reporters.JUnitReportReporter -->
<testsuite skipped="0" hostname="DESKTOP-4NVE714" name="org.newi.LoginCheck" tests="1" failures="0" timestamp="19 Mar 2022 04:23:49 GMT" time="38.627" errors="0">
  <testcase name="tripDetails" time="38.627" classname="org.newi.LoginCheck"/>
</testsuite> <!-- org.newi.LoginCheck -->
