<?xml version="1.0" encoding="UTF-8"?>
<!-- Generated by org.testng.reporters.JUnitReportReporter -->
<testsuite skipped="0" hostname="DESKTOP-4NVE714" name="org.testn.TestNg" tests="2" failures="0" timestamp="16 Feb 2022 05:32:28 GMT" time="42.639" errors="0">
  <testcase name="test2" time="14.964" classname="org.testn.TestNg"/>
  <testcase name="tc1" time="27.675" classname="org.testn.TestNg"/>
</testsuite> <!-- org.testn.TestNg -->
