<?xml version="1.0" encoding="UTF-8"?>
<!-- Generated by org.testng.reporters.JUnitReportReporter -->
<testsuite skipped="0" hostname="DESKTOP-4NVE714" name="org.testn.TestN" tests="1" failures="0" timestamp="05 Feb 2022 12:36:39 GMT" time="0.015" errors="0">
  <testcase name="sout" time="0.015" classname="org.testn.TestN"/>
</testsuite> <!-- org.testn.TestN -->
